----------------------------------------------------------------
2013-01-18 00:10:05.565 GMT:
 Booting Derby version The Apache Software Foundation - Apache Derby - 10.4.2.0 - (689064): instance a816c00e-013c-4afd-af4b-000001be5ce8
on database directory /Users/noburton88/Developer/hive-store/metastore_db  

Database Class Loader started - derby.database.classpath=''
----------------------------------------------------------------
2013-01-18 05:27:19.873 GMT:
 Booting Derby version The Apache Software Foundation - Apache Derby - 10.4.2.0 - (689064): instance a352c053-013c-4afd-af4b-000001be5ce8
on database directory /Users/noburton88/Developer/eclipse_workspace/neuron-dev/neuron/wikitools/TempStatsStore  

Database Class Loader started - derby.database.classpath=''

2013-01-18 05:27:19.927 GMT:
Shutting down instance a352c053-013c-4afd-af4b-000001be5ce8
----------------------------------------------------------------
----------------------------------------------------------------
2013-01-18 05:27:41.386 GMT:
 Booting Derby version The Apache Software Foundation - Apache Derby - 10.4.2.0 - (689064): instance e3a74057-013c-4afd-af4b-000001be5ce8
on database directory /Users/noburton88/Developer/eclipse_workspace/neuron-dev/neuron/wikitools/TempStatsStore  

Database Class Loader started - derby.database.classpath=''

2013-01-18 05:27:41.496 GMT:
Shutting down instance e3a74057-013c-4afd-af4b-000001be5ce8
----------------------------------------------------------------
